#! /usr/bin/vvp
:ivl_version "10.1 (stable)" "(v10_1)";
:ivl_delay_selection "TYPICAL";
:vpi_time_precision + 0;
:vpi_module "system";
:vpi_module "vhdl_sys";
:vpi_module "v2005_math";
:vpi_module "va_math";
S_0x26d0d90 .scope module, "Equal" "Equal" 2 1;
 .timescale 0 0;
    .port_info 0 /INPUT 32 "data1_i"
    .port_info 1 /INPUT 32 "data2_i"
    .port_info 2 /OUTPUT 1 "eq_o"
o0x7fb79e8d6018 .functor BUFZ 32, C4<zzzzzzzzzzzzzzzzzzzzzzzzzzzzzzzz>; HiZ drive
v0x26d0fa0_0 .net "data1_i", 31 0, o0x7fb79e8d6018;  0 drivers
o0x7fb79e8d6048 .functor BUFZ 32, C4<zzzzzzzzzzzzzzzzzzzzzzzzzzzzzzzz>; HiZ drive
v0x2727530_0 .net "data2_i", 31 0, o0x7fb79e8d6048;  0 drivers
v0x2727610_0 .var "eq_o", 0 0;
E_0x26d16e0 .event edge, v0x26d0fa0_0, v0x2727530_0;
    .scope S_0x26d0d90;
T_0 ;
    %wait E_0x26d16e0;
    %load/vec4 v0x26d0fa0_0;
    %load/vec4 v0x2727530_0;
    %cmp/e;
    %jmp/0xz  T_0.0, 4;
    %pushi/vec4 1, 0, 1;
    %store/vec4 v0x2727610_0, 0, 1;
    %jmp T_0.1;
T_0.0 ;
    %pushi/vec4 0, 0, 1;
    %store/vec4 v0x2727610_0, 0, 1;
T_0.1 ;
    %jmp T_0;
    .thread T_0, $push;
# The file index is used to find the file name in the following table.
:file_names 3;
    "N/A";
    "<interactive>";
    "Equal.v";
